[debug] [2019-05-02T05:51:53.031Z] ----------------------------------------------------------------------
[debug] [2019-05-02T05:51:53.039Z] Command:       C:\Program Files\nodejs\node.exe C:\Users\Naidybb\AppData\Roaming\npm\node_modules\firebase-tools\lib\bin\firebase.js init
[debug] [2019-05-02T05:51:53.039Z] CLI Version:   6.7.2
[debug] [2019-05-02T05:51:53.040Z] Platform:      win32
[debug] [2019-05-02T05:51:53.040Z] Node Version:  v10.15.0
[debug] [2019-05-02T05:51:53.043Z] Time:          Thu May 02 2019 00:51:53 GMT-0500 (GMT-05:00)
[debug] [2019-05-02T05:51:53.043Z] ----------------------------------------------------------------------
[debug] 
[debug] [2019-05-02T05:51:53.063Z] > command requires scopes: ["email","openid","https://www.googleapis.com/auth/cloudplatformprojects.readonly","https://www.googleapis.com/auth/firebase","https://www.googleapis.com/auth/cloud-platform"]
[debug] [2019-05-02T05:51:53.064Z] > authorizing via signed-in user
[info] 
     ######## #### ########  ######## ########     ###     ######  ########
     ##        ##  ##     ## ##       ##     ##  ##   ##  ##       ##
     ######    ##  ########  ######   ########  #########  ######  ######
     ##        ##  ##    ##  ##       ##     ## ##     ##       ## ##
     ##       #### ##     ## ######## ########  ##     ##  ######  ########

You're about to initialize a Firebase project in this directory:

  C:\Users\Naidybb\Desktop\visitors2\GDL002-visitors

[info] 
=== Project Setup
[info] 
[info] First, let's associate this project directory with a Firebase project.
[info] You can create multiple project aliases by running firebase use --add, 
[info] but for now we'll just set up a default project.
[info] 
[debug] [2019-05-02T05:59:21.305Z] >>> HTTP REQUEST GET https://firebase.googleapis.com/v1beta1/projects?page_size=100  
 
[debug] [2019-05-02T05:59:22.058Z] <<< HTTP RESPONSE 200
[info] 
=== Database Setup
[info] 
[info] Firebase Realtime Database Rules allow you to define how your data should be
[info] structured and when your data can be read from and written to.
[info] 
[info] +  Database Rules for  have been downloaded to database.rules.json.
[info] Future modifications to database.rules.json will update Database Rules when you run
[info] firebase deploy.
[info] 
=== Functions Setup
[info] 
[info] A functions directory will be created in your project with a Node.js
[info] package pre-configured. Functions can be deployed with firebase deploy.
[info] 
