[debug] [2019-05-02T05:40:46.859Z] ----------------------------------------------------------------------
[debug] [2019-05-02T05:40:46.866Z] Command:       C:\Program Files\nodejs\node.exe C:\Users\Naidybb\AppData\Roaming\npm\node_modules\firebase-tools\lib\bin\firebase.js init
[debug] [2019-05-02T05:40:46.867Z] CLI Version:   6.7.2
[debug] [2019-05-02T05:40:46.867Z] Platform:      win32
[debug] [2019-05-02T05:40:46.867Z] Node Version:  v10.15.0
[debug] [2019-05-02T05:40:46.870Z] Time:          Thu May 02 2019 00:40:46 GMT-0500 (GMT-05:00)
[debug] [2019-05-02T05:40:46.870Z] ----------------------------------------------------------------------
[debug] 
[debug] [2019-05-02T05:40:46.888Z] > command requires scopes: ["email","openid","https://www.googleapis.com/auth/cloudplatformprojects.readonly","https://www.googleapis.com/auth/firebase","https://www.googleapis.com/auth/cloud-platform"]
[debug] [2019-05-02T05:40:46.889Z] > authorizing via signed-in user
[info] 
     ######## #### ########  ######## ########     ###     ######  ########
     ##        ##  ##     ## ##       ##     ##  ##   ##  ##       ##
     ######    ##  ########  ######   ########  #########  ######  ######
     ##        ##  ##    ##  ##       ##     ## ##     ##       ## ##
     ##       #### ##     ## ######## ########  ##     ##  ######  ########

You're about to initialize a Firebase project in this directory:

  C:\Users\Naidybb\Desktop\visitors2\GDL002-visitors\src

[info] 
=== Project Setup
[info] 
[info] First, let's associate this project directory with a Firebase project.
[info] You can create multiple project aliases by running firebase use --add, 
[info] but for now we'll just set up a default project.
[info] 
[debug] [2019-05-02T05:42:27.109Z] > refreshing access token with scopes: ["email","https://www.googleapis.com/auth/cloud-platform","https://www.googleapis.com/auth/cloudplatformprojects.readonly","https://www.googleapis.com/auth/firebase","openid"]
[debug] [2019-05-02T05:42:27.110Z] >>> HTTP REQUEST POST https://www.googleapis.com/oauth2/v3/token  
 <request body omitted>
[debug] [2019-05-02T05:42:27.557Z] <<< HTTP RESPONSE 200
[debug] [2019-05-02T05:42:27.639Z] >>> HTTP REQUEST GET https://firebase.googleapis.com/v1beta1/projects?page_size=100  
 
[debug] [2019-05-02T05:42:28.279Z] <<< HTTP RESPONSE 200
